<?xml version="1.0" encoding="UTF-8"?>
<!-- Generated by org.testng.reporters.JUnitReportReporter -->
<testsuite hostname="I7" failures="0" tests="2" name="pageObjectsTests.LoginToApp" time="19.803" errors="0" timestamp="30 May 2021 15:39:22 GMT" skipped="0">
  <testcase classname="pageObjectsTests.LoginToApp" name="loginToApp_correctCredentials_successfulLogin" time="15.228"/>
  <testcase classname="pageObjectsTests.LoginToApp" name="loginToApp_incorrectCredentials_failedLogin" time="4.575"/>
</testsuite> <!-- pageObjectsTests.LoginToApp -->
