<?xml version="1.0" encoding="UTF-8"?>
<!-- Generated by org.testng.reporters.JUnitReportReporter -->
<testsuite hostname="I7" failures="0" tests="2" name="pageObjectsTests.LoginToAppFactory" time="19.927" errors="0" timestamp="30 May 2021 15:39:22 GMT" skipped="0">
  <testcase classname="pageObjectsTests.LoginToAppFactory" name="loginToApp_correctCredentials_successfulLogin" time="14.773"/>
  <testcase classname="pageObjectsTests.LoginToAppFactory" name="loginToApp_incorrectCredentials_failedLogin" time="5.154"/>
</testsuite> <!-- pageObjectsTests.LoginToAppFactory -->
